<?xml version="1.0" encoding="UTF-8"?>
<!-- Generated by org.testng.reporters.JUnitReportReporter -->
<testsuite skipped="0" hostname="pinaki-PC" name="com.org.UI5ExploredBasicStep.NavigateTest" tests="1" failures="0" timestamp="05 Jun 2018 02:30:32 GMT" time="12.488" errors="0">
  <testcase name="navigateToPage" time="12.488" classname="com.org.UI5ExploredBasicStep.NavigateTest"/>
</testsuite> <!-- com.org.UI5ExploredBasicStep.NavigateTest -->
