<?xml version="1.0" encoding="UTF-8"?>
<!-- Generated by org.testng.reporters.JUnitReportReporter -->
<testsuite skipped="0" hostname="pinaki-PC" name="com.org.UI5ExploredBasicStep.CreateTest" tests="5" failures="0" timestamp="06 Jun 2018 03:32:28 GMT" time="10.611" errors="0">
  <testcase name="navToCreateCredPage" time="0.249" classname="com.org.UI5ExploredBasicStep.CreateTest"/>
  <testcase name="fillData" time="1.771" classname="com.org.UI5ExploredBasicStep.CreateTest"/>
  <testcase name="resetFilledData" time="0.188" classname="com.org.UI5ExploredBasicStep.CreateTest"/>
  <testcase name="saveData" time="4.060" classname="com.org.UI5ExploredBasicStep.CreateTest"/>
  <testcase name="closeTab" time="4.343" classname="com.org.UI5ExploredBasicStep.CreateTest"/>
</testsuite> <!-- com.org.UI5ExploredBasicStep.CreateTest -->
