<?xml version="1.0" encoding="UTF-8"?>
<!-- Generated by org.testng.reporters.JUnitReportReporter -->
<testsuite skipped="0" hostname="pinaki-PC" name="com.org.UI5ExploredBasicStep.NavigateTest" tests="2" failures="0" timestamp="05 Jun 2018 04:17:27 GMT" time="43.208" errors="0">
  <testcase name="navigateToFragmentSearch" time="24.076" classname="com.org.UI5ExploredBasicStep.NavigateTest"/>
  <testcase name="navigateToMVCSearch" time="19.132" classname="com.org.UI5ExploredBasicStep.NavigateTest"/>
</testsuite> <!-- com.org.UI5ExploredBasicStep.NavigateTest -->
