<?xml version="1.0" encoding="UTF-8"?>
<!-- Generated by org.testng.reporters.JUnitReportReporter -->
<testsuite skipped="0" hostname="pinaki-PC" name="com.org.UI5ExploredBasicStep.CreateTest" tests="5" failures="0" timestamp="06 Jun 2018 03:37:19 GMT" time="9.804" errors="0">
  <testcase name="navToCreateCredPage" time="0.268" classname="com.org.UI5ExploredBasicStep.CreateTest"/>
  <testcase name="fillData" time="1.335" classname="com.org.UI5ExploredBasicStep.CreateTest"/>
  <testcase name="resetFilledData" time="0.176" classname="com.org.UI5ExploredBasicStep.CreateTest"/>
  <testcase name="saveData" time="3.893" classname="com.org.UI5ExploredBasicStep.CreateTest"/>
  <testcase name="closeTab" time="4.132" classname="com.org.UI5ExploredBasicStep.CreateTest"/>
</testsuite> <!-- com.org.UI5ExploredBasicStep.CreateTest -->
